2025-03-17 15:39:04,157 - INFO - ====== WebDriver manager ======
2025-03-17 15:39:05,357 - INFO - Get LATEST chromedriver version for google-chrome
2025-03-17 15:39:05,775 - INFO - Get LATEST chromedriver version for google-chrome
2025-03-17 15:39:05,868 - INFO - Driver [C:\Users\bruno\.wdm\drivers\chromedriver\win64\134.0.6998.88\chromedriver-win32/chromedriver.exe] found in cache
2025-03-17 15:39:42,432 - ERROR - Erro geral: Message: 
Stacktrace:
	GetHandleVerifier [0x00C8B5A3+24387]
	(No symbol) [0x00C15904]
	(No symbol) [0x00AF0753]
	(No symbol) [0x00B38BA9]
	(No symbol) [0x00B38EFB]
	(No symbol) [0x00B819C2]
	(No symbol) [0x00B5D894]
	(No symbol) [0x00B7F138]
	(No symbol) [0x00B5D646]
	(No symbol) [0x00B2C59F]
	(No symbol) [0x00B2D8E4]
	GetHandleVerifier [0x00F8D883+3179043]
	GetHandleVerifier [0x00FA6CF9+3282585]
	GetHandleVerifier [0x00FA167C+3260444]
	GetHandleVerifier [0x00D24330+650448]
	(No symbol) [0x00C1ED0D]
	(No symbol) [0x00C1BAF8]
	(No symbol) [0x00C1BC99]
	(No symbol) [0x00C0E530]
	BaseThreadInitThunk [0x76A9FCC9+25]
	RtlGetAppContainerNamedObjectPath [0x774982AE+286]
	RtlGetAppContainerNamedObjectPath [0x7749827E+238]

2025-03-17 15:44:43,951 - INFO - ====== WebDriver manager ======
2025-03-17 15:44:45,119 - INFO - Get LATEST chromedriver version for google-chrome
2025-03-17 15:44:45,223 - INFO - Get LATEST chromedriver version for google-chrome
2025-03-17 15:44:45,278 - INFO - Driver [C:\Users\bruno\.wdm\drivers\chromedriver\win64\134.0.6998.88\chromedriver-win32/chromedriver.exe] found in cache
2025-03-17 15:45:39,324 - INFO - ====== WebDriver manager ======
2025-03-17 15:45:40,512 - INFO - Get LATEST chromedriver version for google-chrome
2025-03-17 15:45:40,629 - INFO - Get LATEST chromedriver version for google-chrome
2025-03-17 15:45:40,694 - INFO - Driver [C:\Users\bruno\.wdm\drivers\chromedriver\win64\134.0.6998.88\chromedriver-win32/chromedriver.exe] found in cache
2025-03-17 15:46:12,816 - ERROR - Erro geral: Message: 
Stacktrace:
	GetHandleVerifier [0x00C8B5A3+24387]
	(No symbol) [0x00C15904]
	(No symbol) [0x00AF0753]
	(No symbol) [0x00B38BA9]
	(No symbol) [0x00B38EFB]
	(No symbol) [0x00B819C2]
	(No symbol) [0x00B5D894]
	(No symbol) [0x00B7F138]
	(No symbol) [0x00B5D646]
	(No symbol) [0x00B2C59F]
	(No symbol) [0x00B2D8E4]
	GetHandleVerifier [0x00F8D883+3179043]
	GetHandleVerifier [0x00FA6CF9+3282585]
	GetHandleVerifier [0x00FA167C+3260444]
	GetHandleVerifier [0x00D24330+650448]
	(No symbol) [0x00C1ED0D]
	(No symbol) [0x00C1BAF8]
	(No symbol) [0x00C1BC99]
	(No symbol) [0x00C0E530]
	BaseThreadInitThunk [0x76A9FCC9+25]
	RtlGetAppContainerNamedObjectPath [0x774982AE+286]
	RtlGetAppContainerNamedObjectPath [0x7749827E+238]

2025-03-17 15:47:18,576 - INFO - ====== WebDriver manager ======
2025-03-17 15:47:19,723 - INFO - Get LATEST chromedriver version for google-chrome
2025-03-17 15:47:19,776 - INFO - Get LATEST chromedriver version for google-chrome
2025-03-17 15:47:19,821 - INFO - Driver [C:\Users\bruno\.wdm\drivers\chromedriver\win64\134.0.6998.88\chromedriver-win32/chromedriver.exe] found in cache
2025-03-17 15:47:56,715 - ERROR - Erro geral: Message: 
Stacktrace:
	GetHandleVerifier [0x00C8B5A3+24387]
	(No symbol) [0x00C15904]
	(No symbol) [0x00AF0753]
	(No symbol) [0x00B38BA9]
	(No symbol) [0x00B38EFB]
	(No symbol) [0x00B819C2]
	(No symbol) [0x00B5D894]
	(No symbol) [0x00B7F138]
	(No symbol) [0x00B5D646]
	(No symbol) [0x00B2C59F]
	(No symbol) [0x00B2D8E4]
	GetHandleVerifier [0x00F8D883+3179043]
	GetHandleVerifier [0x00FA6CF9+3282585]
	GetHandleVerifier [0x00FA167C+3260444]
	GetHandleVerifier [0x00D24330+650448]
	(No symbol) [0x00C1ED0D]
	(No symbol) [0x00C1BAF8]
	(No symbol) [0x00C1BC99]
	(No symbol) [0x00C0E530]
	BaseThreadInitThunk [0x76A9FCC9+25]
	RtlGetAppContainerNamedObjectPath [0x774982AE+286]
	RtlGetAppContainerNamedObjectPath [0x7749827E+238]

2025-03-17 15:55:29,229 - INFO - ====== WebDriver manager ======
2025-03-17 15:55:30,526 - INFO - Get LATEST chromedriver version for google-chrome
2025-03-17 15:55:30,594 - INFO - Get LATEST chromedriver version for google-chrome
2025-03-17 15:55:30,642 - INFO - Driver [C:\Users\bruno\.wdm\drivers\chromedriver\win64\134.0.6998.88\chromedriver-win32/chromedriver.exe] found in cache
2025-03-17 15:56:03,145 - ERROR - Erro geral: Message: 
Stacktrace:
	GetHandleVerifier [0x00C8B5A3+24387]
	(No symbol) [0x00C15904]
	(No symbol) [0x00AF0753]
	(No symbol) [0x00B38BA9]
	(No symbol) [0x00B38EFB]
	(No symbol) [0x00B819C2]
	(No symbol) [0x00B5D894]
	(No symbol) [0x00B7F138]
	(No symbol) [0x00B5D646]
	(No symbol) [0x00B2C59F]
	(No symbol) [0x00B2D8E4]
	GetHandleVerifier [0x00F8D883+3179043]
	GetHandleVerifier [0x00FA6CF9+3282585]
	GetHandleVerifier [0x00FA167C+3260444]
	GetHandleVerifier [0x00D24330+650448]
	(No symbol) [0x00C1ED0D]
	(No symbol) [0x00C1BAF8]
	(No symbol) [0x00C1BC99]
	(No symbol) [0x00C0E530]
	BaseThreadInitThunk [0x76A9FCC9+25]
	RtlGetAppContainerNamedObjectPath [0x774982AE+286]
	RtlGetAppContainerNamedObjectPath [0x7749827E+238]

